TN:
SF:script/BaseScript.s.sol
DA:26,0
FN:26,BaseScript._getPrivateKey
FNDA:0,BaseScript._getPrivateKey
DA:27,0
DA:28,0
DA:31,0
FN:31,BaseScript._getAuthSignerPrivateKey
FNDA:0,BaseScript._getAuthSignerPrivateKey
DA:32,0
DA:33,0
DA:36,0
FN:36,BaseScript._getChainId
FNDA:0,BaseScript._getChainId
DA:37,0
DA:40,0
FN:40,BaseScript._getEnvironment
FNDA:0,BaseScript._getEnvironment
DA:41,0
DA:44,0
FN:44,BaseScript._getConfigFile
FNDA:0,BaseScript._getConfigFile
DA:45,0
DA:46,0
DA:49,0
FN:49,BaseScript._getFactoryConfig
FNDA:0,BaseScript._getFactoryConfig
DA:50,0
DA:51,0
DA:54,0
FN:54,BaseScript._getAccountantConfig
FNDA:0,BaseScript._getAccountantConfig
DA:55,0
DA:56,0
DA:59,0
FN:59,BaseScript._getDeploymentConfig
FNDA:0,BaseScript._getDeploymentConfig
DA:60,0
DA:61,0
DA:64,0
FN:64,BaseScript._getVaultImplementation
FNDA:0,BaseScript._getVaultImplementation
DA:69,0
DA:70,0
DA:71,0
DA:72,0
DA:73,0
DA:76,0
FN:76,BaseScript._getModuleImplementation
FNDA:0,BaseScript._getModuleImplementation
DA:81,0
DA:82,0
DA:83,0
DA:84,0
DA:87,0
FN:87,BaseScript._getBeaconOwner
FNDA:0,BaseScript._getBeaconOwner
DA:88,0
DA:89,0
DA:90,0
DA:91,0
DA:94,0
FN:94,BaseScript._getBeacon
FNDA:0,BaseScript._getBeacon
DA:95,0
DA:96,0
DA:97,0
DA:98,0
DA:101,0
FN:101,BaseScript._getFactoryProxyOwner
FNDA:0,BaseScript._getFactoryProxyOwner
DA:102,0
DA:103,0
DA:104,0
DA:105,0
DA:108,0
FN:108,BaseScript._getFactoryProxy
FNDA:0,BaseScript._getFactoryProxy
DA:109,0
DA:110,0
DA:111,0
DA:112,0
DA:115,0
FN:115,BaseScript._getAccountantProxyOwner
FNDA:0,BaseScript._getAccountantProxyOwner
DA:120,0
DA:121,0
DA:122,0
DA:123,0
DA:126,0
FN:126,BaseScript._getAccountantProxy
FNDA:0,BaseScript._getAccountantProxy
DA:127,0
DA:128,0
DA:129,0
DA:130,0
DA:133,0
FN:133,BaseScript._getFactoryImplementation
FNDA:0,BaseScript._getFactoryImplementation
DA:138,0
DA:139,0
DA:140,0
DA:141,0
DA:142,0
DA:145,0
FN:145,BaseScript._getAccountantImplementation
FNDA:0,BaseScript._getAccountantImplementation
DA:150,0
DA:151,0
DA:152,0
DA:153,0
DA:154,0
DA:157,0
FN:157,BaseScript._getDeploymentConfigFilePath
FNDA:0,BaseScript._getDeploymentConfigFilePath
DA:158,0
DA:161,0
FN:161,BaseScript._writeDeploymentConfig
FNDA:0,BaseScript._writeDeploymentConfig
DA:167,0
DA:168,0
DA:169,0
FNF:20
FNH:0
LF:81
LH:0
BRF:0
BRH:0
end_of_record
TN:
SF:script/DeploymentScripts/DeployAlephVault.s.sol
DA:36,0
FN:36,DeployAlephVault.setUp
FNDA:0,DeployAlephVault.setUp
DA:38,0
FN:38,DeployAlephVault.run
FNDA:0,DeployAlephVault.run
DA:39,0
DA:40,0
DA:41,0
DA:42,0
DA:43,0
DA:45,0
DA:46,0
DA:48,0
DA:49,0
DA:50,0
DA:51,0
DA:53,0
DA:64,0
DA:74,0
DA:75,0
DA:76,0
DA:77,0
DA:79,0
DA:82,0
FN:82,DeployAlephVault._getAuthSignature
FNDA:0,DeployAlephVault._getAuthSignature
DA:88,0
DA:91,0
DA:92,0
DA:93,0
DA:94,0
DA:95,0
FNF:3
FNH:0
LF:27
LH:0
BRF:0
BRH:0
end_of_record
TN:
SF:script/DeploymentScripts/Implementation/DeployAccountantImplementation.s.sol
DA:31,0
FN:31,DeployAccountantImplementation.setUp
FNDA:0,DeployAccountantImplementation.setUp
DA:33,0
FN:33,DeployAccountantImplementation.run
FNDA:0,DeployAccountantImplementation.run
DA:34,0
DA:35,0
DA:36,0
DA:38,0
DA:39,0
DA:40,0
DA:42,0
DA:44,0
DA:48,0
FNF:2
FNH:0
LF:11
LH:0
BRF:0
BRH:0
end_of_record
TN:
SF:script/DeploymentScripts/Implementation/DeployAlephVaultFactoryImplementation.s.sol
DA:31,0
FN:31,DeployAlephVaultFactoryImplementation.setUp
FNDA:0,DeployAlephVaultFactoryImplementation.setUp
DA:33,0
FN:33,DeployAlephVaultFactoryImplementation.run
FNDA:0,DeployAlephVaultFactoryImplementation.run
DA:34,0
DA:35,0
DA:36,0
DA:38,0
DA:39,0
DA:40,0
DA:42,0
DA:44,0
DA:48,0
FNF:2
FNH:0
LF:11
LH:0
BRF:0
BRH:0
end_of_record
TN:
SF:script/DeploymentScripts/Implementation/DeployAlephVaultImplementation.s.sol
DA:56,0
FN:56,DeployAlephVaultImplementation.setUp
FNDA:0,DeployAlephVaultImplementation.setUp
DA:58,0
FN:58,DeployAlephVaultImplementation.run
FNDA:0,DeployAlephVaultImplementation.run
DA:59,0
DA:60,0
DA:61,0
DA:62,0
DA:63,0
DA:65,0
DA:67,0
DA:68,0
DA:69,0
DA:70,0
DA:71,0
DA:72,0
DA:73,0
DA:74,0
DA:75,0
DA:76,0
DA:77,0
DA:79,0
DA:80,0
DA:81,0
DA:83,0
DA:84,0
DA:87,0
FN:87,DeployAlephVaultImplementation._deployModules
FNDA:0,DeployAlephVaultImplementation._deployModules
DA:91,0
DA:99,0
DA:107,0
DA:108,0
DA:109,0
DA:116,0
DA:118,0
DA:127,0
FN:127,DeployAlephVaultImplementation._getConfigParams
FNDA:0,DeployAlephVaultImplementation._getConfigParams
DA:128,0
DA:129,0
DA:143,0
FN:143,DeployAlephVaultImplementation._writeConfig
FNDA:0,DeployAlephVaultImplementation._writeConfig
DA:147,0
DA:148,0
DA:154,0
DA:160,0
DA:166,0
DA:172,0
DA:180,0
FN:180,DeployAlephVaultImplementation._getTimelock
FNDA:0,DeployAlephVaultImplementation._getTimelock
DA:181,0
FNF:6
FNH:0
LF:44
LH:0
BRF:0
BRH:0
end_of_record
TN:
SF:script/DeploymentScripts/Proxies/DeployAccountantProxy.s.sol
DA:36,0
FN:36,DeployAccountantProxy.setUp
FNDA:0,DeployAccountantProxy.setUp
DA:38,0
FN:38,DeployAccountantProxy.run
FNDA:0,DeployAccountantProxy.run
DA:39,0
DA:40,0
DA:41,0
DA:43,0
DA:45,0
DA:46,0
DA:48,0
DA:49,0
DA:51,0
DA:52,0
DA:54,0
DA:55,0
DA:57,0
DA:58,0
DA:60,0
DA:64,0
DA:66,0
DA:68,0
DA:71,0
FN:71,DeployAccountantProxy._getInitializationParams
FNDA:0,DeployAccountantProxy._getInitializationParams
DA:77,0
FNF:3
FNH:0
LF:22
LH:0
BRF:0
BRH:0
end_of_record
TN:
SF:script/DeploymentScripts/Proxies/DeployAlephVaultBeacon.s.sol
DA:31,0
FN:31,DeployAlephVaultBeacon.setUp
FNDA:0,DeployAlephVaultBeacon.setUp
DA:33,0
FN:33,DeployAlephVaultBeacon.run
FNDA:0,DeployAlephVaultBeacon.run
DA:34,0
DA:35,0
DA:36,0
DA:37,0
DA:38,0
DA:40,0
DA:41,0
DA:43,0
DA:44,0
DA:46,0
DA:48,0
FNF:2
FNH:0
LF:13
LH:0
BRF:0
BRH:0
end_of_record
TN:
SF:script/DeploymentScripts/Proxies/DeployAlephVaultFactoryProxy.s.sol
DA:36,0
FN:36,DeployAlephVaultFactoryProxy.setUp
FNDA:0,DeployAlephVaultFactoryProxy.setUp
DA:38,0
FN:38,DeployAlephVaultFactoryProxy.run
FNDA:0,DeployAlephVaultFactoryProxy.run
DA:39,0
DA:40,0
DA:41,0
DA:43,0
DA:45,0
DA:47,0
DA:48,0
DA:49,0
DA:51,0
DA:52,0
DA:53,0
DA:54,0
DA:55,0
DA:57,0
DA:58,0
DA:59,0
DA:61,0
DA:62,0
DA:64,0
DA:68,0
DA:70,0
DA:72,0
DA:75,0
FN:75,DeployAlephVaultFactoryProxy._getInitializationParams
FNDA:0,DeployAlephVaultFactoryProxy._getInitializationParams
DA:81,0
FNF:3
FNH:0
LF:26
LH:0
BRF:0
BRH:0
end_of_record
TN:
SF:script/Migrations/SetVaultFactory.sol
DA:26,0
FN:26,SetVaultFactory.setUp
FNDA:0,SetVaultFactory.setUp
DA:28,0
FN:28,SetVaultFactory.run
FNDA:0,SetVaultFactory.run
DA:29,0
DA:30,0
DA:31,0
DA:32,0
DA:33,0
DA:35,0
DA:36,0
DA:38,0
DA:39,0
DA:41,0
FNF:2
FNH:0
LF:12
LH:0
BRF:0
BRH:0
end_of_record
TN:
SF:script/TraceCallData.s.sol
DA:9,0
FN:9,GetCallDataTrace.run
FNDA:0,GetCallDataTrace.run
DA:10,0
DA:11,0
DA:12,0
DA:13,0
DA:15,0
DA:16,0
BRDA:16,0,0,-
BRDA:16,0,1,-
FNF:1
FNH:0
LF:7
LH:0
BRF:2
BRH:0
end_of_record
TN:
SF:script/UpgradeScripts/UpgradeAccountant.s.sol
DA:37,0
FN:37,UpgradeAccountant.setUp
FNDA:0,UpgradeAccountant.setUp
DA:39,0
FN:39,UpgradeAccountant.run
FNDA:0,UpgradeAccountant.run
DA:40,0
DA:41,0
DA:42,0
DA:43,0
DA:44,0
DA:46,0
DA:47,0
DA:49,0
DA:51,0
DA:52,0
DA:54,0
FNF:2
FNH:0
LF:13
LH:0
BRF:0
BRH:0
end_of_record
TN:
SF:script/UpgradeScripts/UpgradeAlephVault.s.sol
DA:35,0
FN:35,UpgradeAlephVault.setUp
FNDA:0,UpgradeAlephVault.setUp
DA:37,0
FN:37,UpgradeAlephVault.run
FNDA:0,UpgradeAlephVault.run
DA:38,0
DA:39,0
DA:40,0
DA:41,0
DA:42,0
DA:44,0
DA:45,0
DA:47,0
DA:48,0
DA:50,0
DA:52,0
DA:55,0
FN:55,UpgradeAlephVault._updateModuleImplementations
FNDA:0,UpgradeAlephVault._updateModuleImplementations
DA:56,0
DA:57,0
DA:58,0
DA:59,0
DA:60,0
DA:61,0
DA:62,0
DA:63,0
DA:64,0
DA:65,0
DA:66,0
DA:68,0
DA:70,0
DA:72,0
DA:74,0
DA:75,0
FNF:3
FNH:0
LF:30
LH:0
BRF:0
BRH:0
end_of_record
TN:
SF:script/UpgradeScripts/UpgradeAlephVaultFactory.s.sol
DA:37,0
FN:37,UpgradeAlephVaultFactory.setUp
FNDA:0,UpgradeAlephVaultFactory.setUp
DA:39,0
FN:39,UpgradeAlephVaultFactory.run
FNDA:0,UpgradeAlephVaultFactory.run
DA:40,0
DA:41,0
DA:42,0
DA:43,0
DA:44,0
DA:46,0
DA:47,0
DA:49,0
DA:51,0
DA:52,0
DA:54,0
FNF:2
FNH:0
LF:13
LH:0
BRF:0
BRH:0
end_of_record
TN:
SF:src/Accountant.sol
DA:51,12
FN:51,Accountant.initialize
FNDA:12,Accountant.initialize
DA:52,12
DA:55,12
FN:55,Accountant._initialize
FNDA:12,Accountant._initialize
DA:56,12
DA:57,12
DA:58,12
DA:59,0
BRDA:59,0,0,-
DA:60,0
DA:62,12
DA:63,12
DA:64,12
DA:71,0
FN:71,Accountant.vaultTreasury
FNDA:0,Accountant.vaultTreasury
DA:72,0
DA:73,0
DA:74,0
DA:80,0
FN:80,Accountant.initializeVaultTreasury
FNDA:0,Accountant.initializeVaultTreasury
DA:84,0
BRDA:84,1,0,-
DA:85,0
DA:87,0
DA:88,0
DA:92,0
FN:92,Accountant.setOperationsMultisig
FNDA:0,Accountant.setOperationsMultisig
DA:93,0
DA:94,0
DA:95,0
DA:96,0
DA:97,0
DA:98,0
DA:102,12
FN:102,Accountant.setVaultFactory
FNDA:12,Accountant.setVaultFactory
DA:103,12
DA:104,12
DA:105,12
DA:106,12
DA:107,12
DA:108,12
DA:112,0
FN:112,Accountant.setAlephTreasury
FNDA:0,Accountant.setAlephTreasury
DA:113,0
DA:114,0
DA:118,3
FN:118,Accountant.setVaultTreasury
FNDA:3,Accountant.setVaultTreasury
DA:119,3
DA:120,3
BRDA:120,2,0,-
DA:121,0
DA:123,3
DA:124,3
DA:125,3
DA:129,6
FN:129,Accountant.setManagementFeeCut
FNDA:6,Accountant.setManagementFeeCut
DA:133,6
DA:134,6
DA:135,6
DA:136,6
DA:140,6
FN:140,Accountant.setPerformanceFeeCut
FNDA:6,Accountant.setPerformanceFeeCut
DA:144,6
DA:145,6
DA:146,6
DA:147,6
DA:154,6
FN:154,Accountant.collectFees
FNDA:6,Accountant.collectFees
DA:155,6
DA:156,6
DA:157,5
DA:158,4
DA:159,4
BRDA:159,3,0,1
DA:160,1
DA:162,3
DA:163,3
DA:164,3
DA:165,2
DA:166,2
BRDA:166,4,0,1
DA:167,1
DA:169,1
DA:172,1
DA:189,1
FN:189,Accountant._splitFees
FNDA:1,Accountant._splitFees
DA:197,1
DA:200,1
DA:203,1
DA:204,1
DA:205,1
DA:206,1
DA:209,21
FN:209,Accountant._validateVault
FNDA:21,Accountant._validateVault
DA:210,21
BRDA:210,5,0,1
DA:211,1
DA:215,5
FN:215,Accountant._validateManager
FNDA:5,Accountant._validateManager
DA:216,5
BRDA:216,6,0,1
DA:217,1
DA:225,45
FN:225,Accountant._getStorage
FNDA:45,Accountant._getStorage
DA:226,45
FNF:15
FNH:11
LF:84
LH:62
BRF:7
BRH:4
end_of_record
TN:
SF:src/AccountantStorage.sol
DA:44,45
FN:44,AccountantStorage.load
FNDA:45,AccountantStorage.load
DA:45,45
DA:47,45
FNF:1
FNH:1
LF:3
LH:3
BRF:0
BRH:0
end_of_record
TN:
SF:src/AlephPausable.sol
DA:38,2776
FN:38,AlephPausable.whenFlowNotPaused
FNDA:2776,AlephPausable.whenFlowNotPaused
DA:39,2776
DA:47,0
FN:47,AlephPausable.whenFlowPaused
FNDA:0,AlephPausable.whenFlowPaused
DA:48,0
DA:56,4
FN:56,AlephPausable.isFlowPaused
FNDA:4,AlephPausable.isFlowPaused
DA:57,4
DA:64,7
FN:64,AlephPausable.pause
FNDA:7,AlephPausable.pause
DA:65,7
DA:69,672
FN:69,AlephPausable.unpause
FNDA:672,AlephPausable.unpause
DA:70,672
DA:74,0
FN:74,AlephPausable.pauseAll
FNDA:0,AlephPausable.pauseAll
DA:75,0
DA:85,7
FN:85,AlephPausable._pause
FNDA:7,AlephPausable._pause
DA:86,7
DA:87,0
BRDA:87,0,0,-
DA:89,7
DA:90,7
DA:97,672
FN:97,AlephPausable._unpause
FNDA:672,AlephPausable._unpause
DA:98,672
DA:99,672
BRDA:99,1,0,-
DA:101,672
DA:102,672
DA:108,0
FN:108,AlephPausable._pauseAll
FNDA:0,AlephPausable._pauseAll
DA:109,0
DA:110,0
DA:111,0
DA:112,0
DA:113,0
DA:114,0
DA:115,0
DA:122,98335
FN:122,AlephPausable._revertIfFlowPaused
FNDA:98335,AlephPausable._revertIfFlowPaused
DA:123,7
BRDA:123,2,0,7
DA:130,0
FN:130,AlephPausable._revertIfFlowUnpaused
FNDA:0,AlephPausable._revertIfFlowUnpaused
DA:131,0
BRDA:131,3,0,-
DA:140,230
FN:140,AlephPausable.__AlephVaultDeposit_init
FNDA:230,AlephPausable.__AlephVaultDeposit_init
DA:144,230
DA:145,230
DA:146,230
DA:147,230
DA:148,230
DA:149,230
DA:150,230
DA:151,230
DA:160,230
FN:160,AlephPausable.__AlephVaultRedeem_init
FNDA:230,AlephPausable.__AlephVaultRedeem_init
DA:164,230
DA:165,230
DA:166,230
DA:167,230
DA:168,230
DA:169,230
DA:170,230
DA:171,230
DA:172,230
DA:179,99938
FN:179,AlephPausable._getPausableStorage
FNDA:99938,AlephPausable._getPausableStorage
DA:180,99938
FNF:14
FNH:10
LF:55
LH:40
BRF:4
BRH:1
end_of_record
TN:
SF:src/AlephPausableStorage.sol
DA:34,99938
FN:34,AlephPausableStorage.load
FNDA:99938,AlephPausableStorage.load
DA:35,99938
DA:37,99938
FNF:1
FNH:1
LF:3
LH:3
BRF:0
BRH:0
end_of_record
TN:
SF:src/AlephVault.sol
DA:46,4
FN:46,AlephVault.onlyValidShareClass
FNDA:4,AlephVault.onlyValidShareClass
DA:48,4
BRDA:48,0,0,-
DA:49,0
DA:59,6736
FN:59,AlephVault.onlyValidShareClassAndSeries
FNDA:6736,AlephVault.onlyValidShareClassAndSeries
DA:60,6736
DA:62,6736
BRDA:62,1,0,-
DA:63,0
DA:67,6736
DA:69,6736
DA:71,0
BRDA:71,2,0,-
DA:72,0
DA:93,247
FN:93,AlephVault.initialize
FNDA:247,AlephVault.initialize
DA:94,247
DA:101,247
FN:101,AlephVault._initialize
FNDA:247,AlephVault._initialize
DA:102,247
DA:103,247
DA:105,247
DA:106,245
DA:107,243
DA:108,242
DA:109,241
DA:110,240
DA:111,239
DA:112,238
DA:113,237
DA:114,236
DA:115,235
DA:116,234
DA:118,233
DA:120,232
DA:121,231
DA:122,17
BRDA:122,3,0,17
DA:123,17
DA:126,230
DA:127,230
DA:128,230
DA:129,230
DA:130,230
DA:131,230
DA:132,230
DA:133,230
DA:134,230
DA:135,230
DA:136,230
DA:137,230
DA:138,230
DA:141,230
DA:143,230
DA:145,230
DA:147,230
DA:149,230
DA:153,230
DA:154,230
DA:155,230
DA:156,230
DA:157,230
DA:158,230
DA:161,230
DA:164,230
DA:168,230
DA:171,230
DA:178,0
FN:178,AlephVault.startTimeStamp
FNDA:0,AlephVault.startTimeStamp
DA:179,0
DA:183,28709
FN:183,AlephVault.currentBatch
FNDA:28709,AlephVault.currentBatch
DA:184,28709
DA:188,3
FN:188,AlephVault.shareClasses
FNDA:3,AlephVault.shareClasses
DA:189,3
DA:193,12
FN:193,AlephVault.shareSeriesId
FNDA:12,AlephVault.shareSeriesId
DA:194,12
DA:198,4
FN:198,AlephVault.lastConsolidatedSeriesId
FNDA:4,AlephVault.lastConsolidatedSeriesId
DA:199,4
DA:203,1
FN:203,AlephVault.name
FNDA:1,AlephVault.name
DA:204,1
DA:208,1
FN:208,AlephVault.manager
FNDA:1,AlephVault.manager
DA:209,1
DA:213,4
FN:213,AlephVault.underlyingToken
FNDA:4,AlephVault.underlyingToken
DA:214,4
DA:218,1
FN:218,AlephVault.custodian
FNDA:1,AlephVault.custodian
DA:219,1
DA:223,0
FN:223,AlephVault.vaultTreasury
FNDA:0,AlephVault.vaultTreasury
DA:224,0
DA:228,2
FN:228,AlephVault.operationsMultisig
FNDA:2,AlephVault.operationsMultisig
DA:229,2
DA:233,3
FN:233,AlephVault.oracle
FNDA:3,AlephVault.oracle
DA:234,3
DA:238,3
FN:238,AlephVault.guardian
FNDA:3,AlephVault.guardian
DA:239,3
DA:243,2
FN:243,AlephVault.authSigner
FNDA:2,AlephVault.authSigner
DA:244,2
DA:248,1
FN:248,AlephVault.accountant
FNDA:1,AlephVault.accountant
DA:249,1
DA:253,3
FN:253,AlephVault.managementFee
FNDA:3,AlephVault.managementFee
DA:254,3
DA:258,3
FN:258,AlephVault.performanceFee
FNDA:3,AlephVault.performanceFee
DA:259,3
DA:263,3
FN:263,AlephVault.noticePeriod
FNDA:3,AlephVault.noticePeriod
DA:264,3
DA:268,3
FN:268,AlephVault.lockInPeriod
FNDA:3,AlephVault.lockInPeriod
DA:269,3
DA:273,3
FN:273,AlephVault.minDepositAmount
FNDA:3,AlephVault.minDepositAmount
DA:274,3
DA:278,3437
FN:278,AlephVault.minUserBalance
FNDA:3437,AlephVault.minUserBalance
DA:279,3437
DA:283,3
FN:283,AlephVault.maxDepositCap
FNDA:3,AlephVault.maxDepositCap
DA:284,3
DA:288,3693
FN:288,AlephVault.minRedeemAmount
FNDA:3693,AlephVault.minRedeemAmount
DA:289,3693
DA:293,2
FN:293,AlephVault.userLockInPeriod
FNDA:2,AlephVault.userLockInPeriod
DA:299,2
DA:303,14
FN:303,AlephVault.redeemableAmount
FNDA:14,AlephVault.redeemableAmount
DA:304,14
DA:308,0
FN:308,AlephVault.isDepositAuthEnabled
FNDA:0,AlephVault.isDepositAuthEnabled
DA:309,0
DA:313,0
FN:313,AlephVault.isSettlementAuthEnabled
FNDA:0,AlephVault.isSettlementAuthEnabled
DA:314,0
DA:318,13
FN:318,AlephVault.totalAssets
FNDA:13,AlephVault.totalAssets
DA:319,13
DA:323,0
FN:323,AlephVault.totalAssetsOfClass
FNDA:0,AlephVault.totalAssetsOfClass
DA:324,0
DA:325,0
DA:326,0
DA:327,0
DA:328,0
DA:329,0
DA:330,0
DA:331,0
DA:332,0
DA:334,0
DA:338,0
FN:338,AlephVault.totalAssetsPerClass
FNDA:0,AlephVault.totalAssetsPerClass
DA:339,0
DA:343,2644
FN:343,AlephVault.totalAssetsPerSeries
FNDA:2644,AlephVault.totalAssetsPerSeries
DA:349,2644
DA:353,6736
FN:353,AlephVault.totalSharesPerSeries
FNDA:6736,AlephVault.totalSharesPerSeries
DA:359,6736
DA:363,7
FN:363,AlephVault.assetsPerClassOf
FNDA:7,AlephVault.assetsPerClassOf
DA:369,7
DA:373,2
FN:373,AlephVault.assetsOf
FNDA:2,AlephVault.assetsOf
DA:379,2
DA:383,98
FN:383,AlephVault.sharesOf
FNDA:98,AlephVault.sharesOf
DA:389,98
DA:393,1
FN:393,AlephVault.pricePerShare
FNDA:1,AlephVault.pricePerShare
DA:399,1
DA:400,1
DA:407,8
FN:407,AlephVault.highWaterMark
FNDA:8,AlephVault.highWaterMark
DA:413,8
DA:417,512
FN:417,AlephVault.totalAmountToDeposit
FNDA:512,AlephVault.totalAmountToDeposit
DA:418,512
DA:422,41475
FN:422,AlephVault.totalAmountToDepositAt
FNDA:41475,AlephVault.totalAmountToDepositAt
DA:428,41475
DA:432,1
FN:432,AlephVault.depositRequestOf
FNDA:1,AlephVault.depositRequestOf
DA:433,1
DA:437,10
FN:437,AlephVault.depositRequestOfAt
FNDA:10,AlephVault.depositRequestOfAt
DA:442,10
DA:446,7893
FN:446,AlephVault.redeemRequestOf
FNDA:7893,AlephVault.redeemRequestOf
DA:447,7893
DA:448,7893
DA:449,7893
DA:453,13
FN:453,AlephVault.redeemRequestOfAt
FNDA:13,AlephVault.redeemRequestOfAt
DA:458,13
DA:462,5
FN:462,AlephVault.usersToDepositAt
FNDA:5,AlephVault.usersToDepositAt
DA:463,5
DA:465,5
DA:467,5
DA:469,5
DA:473,7
FN:473,AlephVault.usersToRedeemAt
FNDA:7,AlephVault.usersToRedeemAt
DA:474,7
DA:476,7
DA:478,7
DA:480,7
DA:484,0
FN:484,AlephVault.totalFeeAmountToCollect
FNDA:0,AlephVault.totalFeeAmountToCollect
DA:485,0
DA:486,0
DA:487,0
DA:488,0
DA:489,0
DA:492,0
DA:502,0
FN:502,AlephVault.setIsDepositAuthEnabled
FNDA:0,AlephVault.setIsDepositAuthEnabled
DA:507,0
DA:508,0
DA:512,0
FN:512,AlephVault.setIsSettlementAuthEnabled
FNDA:0,AlephVault.setIsSettlementAuthEnabled
DA:517,0
DA:518,0
DA:522,0
FN:522,AlephVault.setVaultTreasury
FNDA:0,AlephVault.setVaultTreasury
DA:523,0
DA:524,0
DA:528,6
FN:528,AlephVault.createShareClass
FNDA:6,AlephVault.createShareClass
DA:534,5
DA:535,4
DA:536,2
DA:537,4
BRDA:537,4,0,4
DA:538,4
DA:540,1
DA:552,5
FN:552,AlephVault.queueMinDepositAmount
FNDA:5,AlephVault.queueMinDepositAmount
DA:557,4
DA:566,4
FN:566,AlephVault.queueMinUserBalance
FNDA:4,AlephVault.queueMinUserBalance
DA:571,3
DA:580,4
FN:580,AlephVault.queueMaxDepositCap
FNDA:4,AlephVault.queueMaxDepositCap
DA:585,3
DA:594,4
FN:594,AlephVault.queueNoticePeriod
FNDA:4,AlephVault.queueNoticePeriod
DA:599,3
DA:608,4
FN:608,AlephVault.queueLockInPeriod
FNDA:4,AlephVault.queueLockInPeriod
DA:613,3
DA:622,5
FN:622,AlephVault.queueMinRedeemAmount
FNDA:5,AlephVault.queueMinRedeemAmount
DA:627,4
DA:636,5
FN:636,AlephVault.queueManagementFee
FNDA:5,AlephVault.queueManagementFee
DA:641,4
DA:650,9
FN:650,AlephVault.queuePerformanceFee
FNDA:9,AlephVault.queuePerformanceFee
DA:655,8
DA:663,4
FN:663,AlephVault.setMinDepositAmount
FNDA:4,AlephVault.setMinDepositAmount
DA:664,3
DA:672,4
FN:672,AlephVault.setMinUserBalance
FNDA:4,AlephVault.setMinUserBalance
DA:673,3
DA:681,4
FN:681,AlephVault.setMaxDepositCap
FNDA:4,AlephVault.setMaxDepositCap
DA:682,3
DA:690,4
FN:690,AlephVault.setNoticePeriod
FNDA:4,AlephVault.setNoticePeriod
DA:691,3
DA:699,4
FN:699,AlephVault.setLockInPeriod
FNDA:4,AlephVault.setLockInPeriod
DA:700,3
DA:708,4
FN:708,AlephVault.setMinRedeemAmount
FNDA:4,AlephVault.setMinRedeemAmount
DA:709,3
DA:717,4
FN:717,AlephVault.setManagementFee
FNDA:4,AlephVault.setManagementFee
DA:718,3
DA:726,6
FN:726,AlephVault.setPerformanceFee
FNDA:6,AlephVault.setPerformanceFee
DA:727,5
DA:739,4
FN:739,AlephVault.collectFees
FNDA:4,AlephVault.collectFees
DA:744,3
DA:756,91750
FN:756,AlephVault.requestDeposit
FNDA:91750,AlephVault.requestDeposit
DA:762,91748
DA:771,47
FN:771,AlephVault.syncDeposit
FNDA:47,AlephVault.syncDeposit
DA:777,45
DA:785,57
FN:785,AlephVault.isTotalAssetsValid
FNDA:57,AlephVault.isTotalAssetsValid
DA:786,57
DA:798,3717
FN:798,AlephVault.requestRedeem
FNDA:3717,AlephVault.requestRedeem
DA:804,3715
DA:813,28
FN:813,AlephVault.syncRedeem
FNDA:28,AlephVault.syncRedeem
DA:819,26
DA:826,4
FN:826,AlephVault.withdrawRedeemableAmount
FNDA:4,AlephVault.withdrawRedeemableAmount
DA:827,3
DA:834,3
FN:834,AlephVault.withdrawExcessAssets
FNDA:3,AlephVault.withdrawExcessAssets
DA:835,2
DA:846,2778
FN:846,AlephVault.settleDeposit
FNDA:2778,AlephVault.settleDeposit
DA:852,2775
DA:860,19
FN:860,AlephVault.settleRedeem
FNDA:19,AlephVault.settleRedeem
DA:866,16
DA:874,3
FN:874,AlephVault.forceRedeem
FNDA:3,AlephVault.forceRedeem
DA:875,2
DA:884,3
FN:884,AlephVault.queueSyncExpirationBatches
FNDA:3,AlephVault.queueSyncExpirationBatches
DA:885,3
DA:892,3
FN:892,AlephVault.setSyncExpirationBatches
FNDA:3,AlephVault.setSyncExpirationBatches
DA:893,3
DA:904,3
FN:904,AlephVault.migrateOperationsMultisig
FNDA:3,AlephVault.migrateOperationsMultisig
DA:905,2
DA:913,3
FN:913,AlephVault.migrateOracle
FNDA:3,AlephVault.migrateOracle
DA:914,2
DA:922,3
FN:922,AlephVault.migrateGuardian
FNDA:3,AlephVault.migrateGuardian
DA:923,2
DA:931,3
FN:931,AlephVault.migrateAuthSigner
FNDA:3,AlephVault.migrateAuthSigner
DA:932,2
DA:941,3
FN:941,AlephVault.migrateModules
FNDA:3,AlephVault.migrateModules
DA:942,2
DA:954,231
FN:954,AlephVault._createShareClass
FNDA:231,AlephVault._createShareClass
DA:959,231
DA:961,231
DA:962,231
DA:964,231
DA:965,231
DA:966,231
DA:973,98412
FN:973,AlephVault._delegate
FNDA:98412,AlephVault._delegate
DA:974,98412
DA:976,98412
DA:977,98412
DA:978,98412
DA:980,98412
DA:981,98332
FNF:90
FNH:80
LF:274
LH:233
BRF:5
BRH:2
end_of_record
TN:
SF:src/AlephVaultBase.sol
DA:65,1398
FN:65,AlephVaultBase.constructor
FNDA:1398,AlephVaultBase.constructor
DA:66,1398
BRDA:66,0,0,1
DA:67,1
DA:69,1397
DA:80,13
FN:80,AlephVaultBase._totalAssets
FNDA:13,AlephVaultBase._totalAssets
DA:81,13
DA:82,13
DA:83,13
DA:84,13
DA:85,13
DA:87,13
DA:96,178
FN:96,AlephVaultBase._totalAssetsPerClass
FNDA:178,AlephVaultBase._totalAssetsPerClass
DA:101,178
DA:102,178
DA:103,178
DA:105,182
DA:106,182
BRDA:106,1,0,178
DA:107,178
DA:110,178
DA:119,126069
FN:119,AlephVaultBase._totalAssetsPerSeries
FNDA:126069,AlephVaultBase._totalAssetsPerSeries
DA:129,126069
DA:138,129979
FN:138,AlephVaultBase._totalSharesPerSeries
FNDA:129979,AlephVaultBase._totalSharesPerSeries
DA:148,129979
DA:158,120535
FN:158,AlephVaultBase._sharesOf
FNDA:120535,AlephVaultBase._sharesOf
DA:163,120535
DA:174,120437
FN:174,AlephVaultBase._assetsOf
FNDA:120437,AlephVaultBase._assetsOf
DA:179,120437
DA:193,103352
FN:193,AlephVaultBase._assetsPerClassOf
FNDA:103352,AlephVaultBase._assetsPerClassOf
DA:198,103352
DA:199,103352
DA:200,103352
DA:202,120435
DA:203,120435
BRDA:203,2,0,103352
DA:204,103352
DA:207,103352
DA:215,227369
FN:215,AlephVaultBase._currentBatch
FNDA:227369,AlephVaultBase._currentBatch
DA:216,227369
DA:225,128
FN:225,AlephVaultBase._lastValuationSettleId
FNDA:128,AlephVaultBase._lastValuationSettleId
DA:226,128
DA:227,128
DA:228,128
DA:229,128
DA:238,128
FN:238,AlephVaultBase._isTotalAssetsValid
FNDA:128,AlephVaultBase._isTotalAssetsValid
DA:239,128
DA:240,128
BRDA:240,3,0,3
DA:241,3
DA:243,125
DA:244,125
DA:253,2805
FN:253,AlephVaultBase._leadPricePerShare
FNDA:2805,AlephVaultBase._leadPricePerShare
DA:258,2805
DA:270,635
FN:270,AlephVaultBase._totalAmountToDeposit
FNDA:635,AlephVaultBase._totalAmountToDeposit
DA:271,635
DA:272,635
DA:273,635
DA:274,635
DA:275,5515
DA:276,4880
DA:278,635
DA:288,91697
FN:288,AlephVaultBase._depositRequestOf
FNDA:91697,AlephVaultBase._depositRequestOf
DA:293,91697
DA:294,91697
DA:295,91697
DA:296,91697
DA:297,940973
DA:298,849276
DA:300,91697
DA:311,11632
FN:311,AlephVaultBase._pendingAssetsOf
FNDA:11632,AlephVaultBase._pendingAssetsOf
DA:317,11632
DA:318,11632
DA:320,11632
DA:322,168102
DA:326,168102
DA:327,168102
DA:337,7052
FN:337,AlephVaultBase._getPricePerShare
FNDA:7052,AlephVaultBase._getPricePerShare
DA:338,7052
DA:339,7052
BRDA:339,4,0,5955
DA:340,5955
DA:342,7052
DA:349,459970
FN:349,AlephVaultBase._getStorage
FNDA:459970,AlephVaultBase._getStorage
DA:350,459970
FNF:17
FNH:17
LF:80
LH:80
BRF:5
BRH:5
end_of_record
TN:
SF:src/AlephVaultStorage.sol
DA:73,459970
FN:73,AlephVaultStorage.load
FNDA:459970,AlephVaultStorage.load
DA:74,459970
DA:76,459970
FNF:1
FNH:1
LF:3
LH:3
BRF:0
BRH:0
end_of_record
TN:
SF:src/factory/AlephVaultFactory.sol
DA:50,4
FN:50,AlephVaultFactory.initialize
FNDA:4,AlephVaultFactory.initialize
DA:51,3
DA:57,3
FN:57,AlephVaultFactory._initialize
FNDA:3,AlephVaultFactory._initialize
DA:62,3
DA:63,3
DA:64,3
DA:65,3
DA:66,3
DA:67,3
DA:68,3
DA:69,3
DA:70,0
BRDA:70,0,0,-
DA:71,0
DA:73,3
DA:74,3
DA:75,3
DA:76,3
DA:77,3
DA:78,3
DA:79,3
DA:80,3
DA:81,3
DA:83,3
DA:85,3
DA:87,3
DA:88,3
DA:90,3
DA:97,2
FN:97,AlephVaultFactory.isValidVault
FNDA:2,AlephVaultFactory.isValidVault
DA:98,2
DA:105,0
FN:105,AlephVaultFactory.setOperationsMultisig
FNDA:0,AlephVaultFactory.setOperationsMultisig
DA:106,0
BRDA:106,1,0,-
DA:107,0
DA:109,0
DA:110,0
DA:111,0
DA:112,0
DA:113,0
DA:114,0
DA:115,0
DA:116,0
DA:118,0
DA:122,0
FN:122,AlephVaultFactory.setOracle
FNDA:0,AlephVaultFactory.setOracle
DA:123,0
BRDA:123,2,0,-
DA:124,0
DA:126,0
DA:127,0
DA:128,0
DA:129,0
DA:130,0
DA:131,0
DA:133,0
DA:137,0
FN:137,AlephVaultFactory.setGuardian
FNDA:0,AlephVaultFactory.setGuardian
DA:138,0
BRDA:138,3,0,-
DA:139,0
DA:141,0
DA:142,0
DA:143,0
DA:144,0
DA:145,0
DA:146,0
DA:148,0
DA:152,0
FN:152,AlephVaultFactory.setAuthSigner
FNDA:0,AlephVaultFactory.setAuthSigner
DA:153,0
BRDA:153,4,0,-
DA:154,0
DA:156,0
DA:157,0
DA:158,0
DA:159,0
DA:160,0
DA:161,0
DA:163,0
DA:167,0
FN:167,AlephVaultFactory.setModuleImplementation
FNDA:0,AlephVaultFactory.setModuleImplementation
DA:171,0
BRDA:171,5,0,-
DA:172,0
DA:174,0
DA:175,0
DA:176,0
DA:177,0
DA:178,0
DA:179,0
DA:181,0
DA:192,1
FN:192,AlephVaultFactory.deployVault
FNDA:1,AlephVaultFactory.deployVault
DA:196,1
DA:197,1
DA:198,1
DA:205,1
DA:206,1
DA:213,1
DA:224,1
DA:229,1
DA:230,1
DA:231,1
DA:232,1
DA:233,1
DA:240,6
FN:240,AlephVaultFactory._getStorage
FNDA:6,AlephVaultFactory._getStorage
DA:241,6
FNF:10
FNH:5
LF:96
LH:42
BRF:6
BRH:0
end_of_record
TN:
SF:src/factory/AlephVaultFactoryStorage.sol
DA:49,6
FN:49,AlephVaultFactoryStorage.load
FNDA:6,AlephVaultFactoryStorage.load
DA:50,6
DA:52,6
FNF:1
FNH:1
LF:3
LH:3
BRF:0
BRH:0
end_of_record
TN:
SF:src/libraries/AuthLibrary.sol
DA:74,1
FN:74,AuthLibrary.verifyVaultDeploymentAuthSignature
FNDA:1,AuthLibrary.verifyVaultDeploymentAuthSignature
DA:81,1
DA:84,1
DA:93,91779
FN:93,AuthLibrary.verifyDepositRequestAuthSignature
FNDA:91779,AuthLibrary.verifyDepositRequestAuthSignature
DA:97,91779
DA:98,91779
DA:99,91779
DA:112,2784
FN:112,AuthLibrary.verifySettlementAuthSignature
FNDA:2784,AuthLibrary.verifySettlementAuthSignature
DA:121,2784
DA:133,2784
DA:142,94564
FN:142,AuthLibrary._verifyAuthSignature
FNDA:94564,AuthLibrary._verifyAuthSignature
DA:146,94564
BRDA:146,0,0,2
DA:147,2
DA:149,94562
DA:150,94562
BRDA:150,1,0,3
DA:151,3
FNF:4
FNH:4
LF:16
LH:16
BRF:2
BRH:2
end_of_record
TN:
SF:src/libraries/ERC4626Math.sol
DA:17,36384
FN:17,ERC4626Math.previewDeposit
FNDA:36384,ERC4626Math.previewDeposit
DA:18,36384
DA:21,0
FN:21,ERC4626Math.previewMint
FNDA:0,ERC4626Math.previewMint
DA:22,0
DA:25,22
FN:25,ERC4626Math.previewWithdraw
FNDA:22,ERC4626Math.previewWithdraw
DA:26,22
DA:29,121956
FN:29,ERC4626Math.previewRedeem
FNDA:121956,ERC4626Math.previewRedeem
DA:30,121956
DA:39,168117
FN:39,ERC4626Math.previewMintUnits
FNDA:168117,ERC4626Math.previewMintUnits
DA:40,168117
DA:49,3709
FN:49,ERC4626Math.previewWithdrawUnits
FNDA:3709,ERC4626Math.previewWithdrawUnits
DA:50,3709
DA:56,36406
FN:56,ERC4626Math.convertToShares
FNDA:36406,ERC4626Math.convertToShares
DA:61,36406
DA:67,121956
FN:67,ERC4626Math.convertToAssets.0
FNDA:121956,ERC4626Math.convertToAssets.0
DA:72,121956
DA:78,3709
FN:78,ERC4626Math.convertToShareUnits
FNDA:3709,ERC4626Math.convertToShareUnits
DA:79,3709
DA:85,168117
FN:85,ERC4626Math.convertToAssets.1
FNDA:168117,ERC4626Math.convertToAssets.1
DA:86,168117
DA:89,158362
FN:89,ERC4626Math._decimalsOffset
FNDA:158362,ERC4626Math._decimalsOffset
DA:90,158362
FNF:11
FNH:10
LF:22
LH:20
BRF:0
BRH:0
end_of_record
TN:
SF:src/libraries/SeriesAccounting.sol
DA:79,1168
FN:79,SeriesAccounting.createNewSeries
FNDA:1168,SeriesAccounting.createNewSeries
DA:80,1168
DA:81,1168
DA:82,1168
DA:93,64
FN:93,SeriesAccounting.consolidateSeries
FNDA:64,SeriesAccounting.consolidateSeries
DA:100,64
DA:101,64
DA:103,64
DA:104,64
DA:105,120
DA:106,120
DA:107,120
DA:109,120
DA:110,120
DA:112,120
DA:114,120
DA:120,64
BRDA:120,0,0,64
BRDA:120,0,1,-
DA:121,64
DA:122,64
DA:125,0
DA:127,64
DA:128,64
DA:129,64
DA:150,31
FN:150,SeriesAccounting.settleRedeemForUser
FNDA:31,SeriesAccounting.settleRedeemForUser
DA:161,31
DA:162,31
DA:165,31
DA:167,40
BRDA:167,1,0,40
DA:168,40
DA:172,33
DA:173,33
BRDA:173,2,0,29
DA:174,29
DA:191,120
FN:191,SeriesAccounting._consolidateUserShares
FNDA:120,SeriesAccounting._consolidateUserShares
DA:198,120
DA:208,120
DA:209,120
DA:210,120
DA:212,120
DA:213,1459
DA:214,1459
DA:216,1459
DA:220,1459
DA:224,1459
DA:225,1459
DA:227,1459
DA:230,1459
DA:233,1213
BRDA:233,3,0,1213
DA:234,1213
DA:238,1459
DA:252,33
FN:252,SeriesAccounting._settleRedeemSlice
FNDA:33,SeriesAccounting._settleRedeemSlice
DA:260,33
DA:261,33
DA:263,33
DA:264,33
DA:265,33
DA:268,33
BRDA:268,4,0,12
BRDA:268,4,1,21
DA:269,12
DA:271,12
DA:272,12
DA:273,12
DA:275,12
DA:281,21
DA:282,21
DA:283,21
DA:284,21
DA:285,21
DA:286,21
DA:290,21
FNF:5
FNH:5
LF:68
LH:67
BRF:7
BRH:6
end_of_record
TN:
SF:src/libraries/TimelockRegistry.sol
DA:109,29
FN:109,TimelockRegistry.setTimelock
FNDA:29,TimelockRegistry.setTimelock
DA:113,29
DA:114,29
DA:115,29
BRDA:115,0,0,8
DA:116,8
DA:118,21
BRDA:118,1,0,8
DA:119,8
DA:122,13
DA:131,74
FN:131,TimelockRegistry.getKey
FNDA:74,TimelockRegistry.getKey
DA:132,74
FNF:2
FNH:2
LF:10
LH:10
BRF:2
BRH:2
end_of_record
TN:
SF:src/modules/AlephVaultDeposit.sol
DA:63,231
FN:63,AlephVaultDeposit.constructor
FNDA:231,AlephVaultDeposit.constructor
DA:67,231
DA:68,229
DA:69,3
BRDA:69,0,0,3
DA:70,3
DA:72,228
DA:73,228
DA:74,228
DA:81,4
FN:81,AlephVaultDeposit.queueMinDepositAmount
FNDA:4,AlephVaultDeposit.queueMinDepositAmount
DA:82,4
DA:86,3
FN:86,AlephVaultDeposit.queueMinUserBalance
FNDA:3,AlephVaultDeposit.queueMinUserBalance
DA:87,3
DA:91,3
FN:91,AlephVaultDeposit.queueMaxDepositCap
FNDA:3,AlephVaultDeposit.queueMaxDepositCap
DA:92,3
DA:96,3
FN:96,AlephVaultDeposit.setMinDepositAmount
FNDA:3,AlephVaultDeposit.setMinDepositAmount
DA:97,3
DA:101,3
FN:101,AlephVaultDeposit.setMinUserBalance
FNDA:3,AlephVaultDeposit.setMinUserBalance
DA:102,3
DA:106,3
FN:106,AlephVaultDeposit.setMaxDepositCap
FNDA:3,AlephVaultDeposit.setMaxDepositCap
DA:107,3
DA:114,91748
FN:114,AlephVaultDeposit.requestDeposit
FNDA:91748,AlephVaultDeposit.requestDeposit
DA:119,91748
DA:123,45
FN:123,AlephVaultDeposit.syncDeposit
FNDA:45,AlephVaultDeposit.syncDeposit
DA:128,45
DA:136,0
FN:136,AlephVaultDeposit.isTotalAssetsValid
FNDA:0,AlephVaultDeposit.isTotalAssetsValid
DA:137,0
DA:149,4
FN:149,AlephVaultDeposit._queueMinDepositAmount
FNDA:4,AlephVaultDeposit._queueMinDepositAmount
DA:152,4
BRDA:152,1,0,1
DA:153,1
DA:155,3
DA:160,3
DA:169,3
FN:169,AlephVaultDeposit._queueMinUserBalance
FNDA:3,AlephVaultDeposit._queueMinUserBalance
DA:170,3
DA:175,3
DA:184,3
FN:184,AlephVaultDeposit._queueMaxDepositCap
FNDA:3,AlephVaultDeposit._queueMaxDepositCap
DA:185,3
DA:190,3
DA:198,3
FN:198,AlephVaultDeposit._setMinDepositAmount
FNDA:3,AlephVaultDeposit._setMinDepositAmount
DA:199,3
DA:200,3
DA:201,1
DA:202,1
DA:210,3
FN:210,AlephVaultDeposit._setMinUserBalance
FNDA:3,AlephVaultDeposit._setMinUserBalance
DA:211,3
DA:212,1
DA:213,1
DA:221,3
FN:221,AlephVaultDeposit._setMaxDepositCap
FNDA:3,AlephVaultDeposit._setMaxDepositCap
DA:222,3
DA:223,1
DA:224,1
DA:233,91788
FN:233,AlephVaultDeposit._validateDeposit
FNDA:91788,AlephVaultDeposit._validateDeposit
DA:238,91788
BRDA:238,2,0,2
DA:239,2
DA:241,91786
DA:242,91786
BRDA:242,3,0,2
DA:243,2
DA:246,91784
DA:247,91696
DA:248,91696
DA:250,1
BRDA:250,4,0,1
DA:251,1
DA:254,91783
DA:255,123
DA:256,123
DA:258,4
BRDA:258,5,0,4
DA:259,4
DA:261,91779
BRDA:261,6,0,91779
DA:262,91779
DA:273,91775
FN:273,AlephVaultDeposit._transferAssetsFromUserToVault
FNDA:91775,AlephVaultDeposit._transferAssetsFromUserToVault
DA:274,91775
DA:275,91775
DA:276,91775
DA:277,91773
DA:278,91773
BRDA:278,7,0,-
DA:279,0
DA:288,91775
FN:288,AlephVaultDeposit._updateLockInPeriod
FNDA:91775,AlephVaultDeposit._updateLockInPeriod
DA:289,91775
DA:290,91775
BRDA:290,8,0,2
DA:291,2
DA:301,91748
FN:301,AlephVaultDeposit._requestDeposit
FNDA:91748,AlephVaultDeposit._requestDeposit
DA:305,91748
DA:306,91748
DA:307,91741
DA:308,91741
DA:309,91741
BRDA:309,9,0,1
DA:310,1
DA:313,91740
DA:316,91740
DA:317,91740
DA:318,91740
DA:319,91740
DA:320,91740
DA:323,91740
DA:324,91738
DA:335,35
FN:335,AlephVaultDeposit._determineSeriesIdForSyncDeposit
FNDA:35,AlephVaultDeposit._determineSeriesIdForSyncDeposit
DA:340,35
DA:341,35
BRDA:341,10,0,35
DA:342,35
DA:343,35
DA:347,35
BRDA:347,11,1,29
DA:348,35
DA:349,35
DA:350,6
BRDA:350,11,0,6
DA:353,6
BRDA:353,12,0,1
BRDA:353,12,1,5
DA:355,1
DA:359,5
DA:360,5
DA:362,29
BRDA:362,13,0,-
DA:365,0
DA:366,0
DA:377,45
FN:377,AlephVaultDeposit._syncDeposit
FNDA:45,AlephVaultDeposit._syncDeposit
DA:381,45
BRDA:381,14,0,5
DA:382,5
DA:385,40
DA:386,40
DA:387,35
DA:390,35
DA:392,35
DA:393,35
DA:399,35
DA:400,35
DA:401,35
DA:404,35
BRDA:404,15,0,18
DA:405,18
DA:409,35
DA:414,35
DA:417,35
DA:420,35
FNF:22
FNH:21
LF:128
LH:123
BRF:18
BRH:16
end_of_record
TN:
SF:src/modules/AlephVaultRedeem.sol
DA:61,231
FN:61,AlephVaultRedeem.constructor
FNDA:231,AlephVaultRedeem.constructor
DA:65,231
DA:66,229
DA:67,3
BRDA:67,0,0,3
DA:68,3
DA:70,228
DA:71,228
DA:72,228
DA:79,3
FN:79,AlephVaultRedeem.queueNoticePeriod
FNDA:3,AlephVaultRedeem.queueNoticePeriod
DA:80,3
DA:84,3
FN:84,AlephVaultRedeem.queueLockInPeriod
FNDA:3,AlephVaultRedeem.queueLockInPeriod
DA:85,3
DA:89,4
FN:89,AlephVaultRedeem.queueMinRedeemAmount
FNDA:4,AlephVaultRedeem.queueMinRedeemAmount
DA:90,4
DA:94,3
FN:94,AlephVaultRedeem.setNoticePeriod
FNDA:3,AlephVaultRedeem.setNoticePeriod
DA:95,3
DA:99,3
FN:99,AlephVaultRedeem.setLockInPeriod
FNDA:3,AlephVaultRedeem.setLockInPeriod
DA:100,3
DA:104,3
FN:104,AlephVaultRedeem.setMinRedeemAmount
FNDA:3,AlephVaultRedeem.setMinRedeemAmount
DA:105,3
DA:112,3715
FN:112,AlephVaultRedeem.requestRedeem
FNDA:3715,AlephVaultRedeem.requestRedeem
DA:113,3715
DA:117,26
FN:117,AlephVaultRedeem.syncRedeem
FNDA:26,AlephVaultRedeem.syncRedeem
DA:122,26
DA:126,3
FN:126,AlephVaultRedeem.withdrawRedeemableAmount
FNDA:3,AlephVaultRedeem.withdrawRedeemableAmount
DA:127,3
DA:131,2
FN:131,AlephVaultRedeem.withdrawExcessAssets
FNDA:2,AlephVaultRedeem.withdrawExcessAssets
DA:132,2
DA:144,3
FN:144,AlephVaultRedeem._queueNoticePeriod
FNDA:3,AlephVaultRedeem._queueNoticePeriod
DA:145,3
DA:150,3
DA:159,3
FN:159,AlephVaultRedeem._queueLockInPeriod
FNDA:3,AlephVaultRedeem._queueLockInPeriod
DA:160,3
DA:165,3
DA:174,4
FN:174,AlephVaultRedeem._queueMinRedeemAmount
FNDA:4,AlephVaultRedeem._queueMinRedeemAmount
DA:177,4
BRDA:177,1,0,1
DA:178,1
DA:180,3
DA:185,3
DA:193,3
FN:193,AlephVaultRedeem._setNoticePeriod
FNDA:3,AlephVaultRedeem._setNoticePeriod
DA:194,3
DA:195,1
DA:196,1
DA:204,3
FN:204,AlephVaultRedeem._setLockInPeriod
FNDA:3,AlephVaultRedeem._setLockInPeriod
DA:205,3
DA:206,1
DA:207,1
DA:214,3
FN:214,AlephVaultRedeem._setMinRedeemAmount
FNDA:3,AlephVaultRedeem._setMinRedeemAmount
DA:215,3
DA:216,1
DA:217,1
DA:226,3715
FN:226,AlephVaultRedeem._requestRedeem
FNDA:3715,AlephVaultRedeem._requestRedeem
DA:231,3715
DA:232,3715
DA:234,3715
DA:236,3715
DA:239,3715
DA:251,3709
DA:256,3709
DA:257,3709
DA:258,3709
DA:259,3709
DA:262,3709
DA:274,3739
FN:274,AlephVaultRedeem._validateRedeem
FNDA:3739,AlephVaultRedeem._validateRedeem
DA:282,3739
DA:284,3739
DA:285,4
BRDA:285,2,0,4
DA:286,4
DA:289,3735
DA:290,3735
DA:292,3735
DA:295,3735
BRDA:295,3,0,2
DA:296,2
DA:300,3733
DA:301,3733
BRDA:301,4,0,3
DA:302,3
DA:307,3730
DA:308,3439
DA:309,2
BRDA:309,5,0,2
DA:310,2
DA:314,3728
BRDA:314,6,0,-
DA:319,3728
BRDA:319,7,0,1
DA:320,1
DA:328,3
FN:328,AlephVaultRedeem._withdrawRedeemableAmount
FNDA:3,AlephVaultRedeem._withdrawRedeemableAmount
DA:329,3
DA:331,3
DA:332,3
DA:333,2
DA:344,18
FN:344,AlephVaultRedeem._previewRedeemAmount
FNDA:18,AlephVaultRedeem._previewRedeemAmount
DA:355,18
DA:356,18
DA:357,18
DA:360,18
DA:361,19
BRDA:361,8,0,19
DA:362,19
DA:364,18
DA:365,18
DA:366,18
DA:367,18
DA:369,18
BRDA:369,9,0,-
BRDA:369,9,1,18
DA:370,0
DA:371,0
DA:373,18
DA:374,18
DA:377,18
BRDA:377,10,0,18
DA:378,18
DA:382,18
DA:389,2
FN:389,AlephVaultRedeem._withdrawExcessAssets
FNDA:2,AlephVaultRedeem._withdrawExcessAssets
DA:390,2
DA:391,2
DA:392,2
BRDA:392,11,0,1
DA:393,1
DA:395,1
DA:396,1
DA:410,14
FN:410,AlephVaultRedeem._calculateAndValidateRedeemedAssets
FNDA:14,AlephVaultRedeem._calculateAndValidateRedeemedAssets
DA:419,14
DA:420,14
DA:421,14
DA:424,14
BRDA:424,12,0,-
DA:425,0
DA:427,14
DA:432,14
BRDA:432,13,0,-
DA:434,0
BRDA:434,14,0,-
DA:435,0
DA:447,26
FN:447,AlephVaultRedeem._syncRedeem
FNDA:26,AlephVaultRedeem._syncRedeem
DA:451,26
BRDA:451,15,0,1
DA:452,1
DA:455,25
DA:456,25
DA:459,25
BRDA:459,16,0,1
DA:460,1
DA:463,24
DA:464,24
DA:468,24
DA:472,24
DA:477,18
DA:480,18
DA:481,18
BRDA:481,17,0,4
DA:482,4
DA:487,14
DA:498,14
DA:501,14
DA:502,14
DA:503,14
DA:504,14
DA:505,15
DA:506,15
BRDA:506,18,0,14
DA:507,14
DA:512,14
FNF:24
FNH:24
LF:149
LH:144
BRF:20
BRH:15
end_of_record
TN:
SF:src/modules/AlephVaultSettlement.sol
DA:56,228
FN:56,AlephVaultSettlement.constructor
FNDA:228,AlephVaultSettlement.constructor
DA:57,228
DA:64,2775
FN:64,AlephVaultSettlement.settleDeposit
FNDA:2775,AlephVaultSettlement.settleDeposit
DA:65,2775
DA:69,16
FN:69,AlephVaultSettlement.settleRedeem
FNDA:16,AlephVaultSettlement.settleRedeem
DA:70,16
DA:74,2
FN:74,AlephVaultSettlement.forceRedeem
FNDA:2,AlephVaultSettlement.forceRedeem
DA:75,2
DA:79,3
FN:79,AlephVaultSettlement.queueSyncExpirationBatches
FNDA:3,AlephVaultSettlement.queueSyncExpirationBatches
DA:80,3
DA:84,3
FN:84,AlephVaultSettlement.setSyncExpirationBatches
FNDA:3,AlephVaultSettlement.setSyncExpirationBatches
DA:85,3
DA:96,2775
FN:96,AlephVaultSettlement._settleDeposit
FNDA:2775,AlephVaultSettlement._settleDeposit
DA:98,2775
BRDA:98,0,0,1
DA:99,1
DA:101,2774
DA:102,2774
DA:103,2774
BRDA:103,1,0,1
DA:104,1
DA:106,2773
DA:107,2773
DA:108,2772
BRDA:108,2,0,2772
DA:109,2772
DA:120,2771
DA:127,2771
DA:130,2771
DA:131,2771
DA:141,2771
DA:144,9081
DA:145,6310
DA:148,6310
DA:149,6310
DA:150,6310
DA:151,6310
DA:153,2771
DA:154,2771
DA:155,2771
DA:156,2771
DA:158,2771
DA:159,2771
BRDA:159,3,0,1
DA:160,1
DA:162,2770
BRDA:162,4,0,2428
DA:163,2428
DA:165,2770
DA:183,6310
FN:183,AlephVaultSettlement._settleDepositForBatch
FNDA:6310,AlephVaultSettlement._settleDepositForBatch
DA:187,6310
DA:189,6310
DA:191,6310
BRDA:191,5,0,3281
DA:192,3281
DA:195,1163
BRDA:195,6,0,1163
DA:196,1163
DA:197,1163
DA:199,3029
DA:200,3029
DA:202,3029
DA:203,28038
DA:204,28038
DA:205,28038
DA:206,28038
DA:209,28038
DA:210,28038
DA:214,28038
BRDA:214,7,0,28007
DA:215,28007
DA:219,28038
DA:229,3029
DA:231,3029
DA:238,3029
DA:246,16
FN:246,AlephVaultSettlement._settleRedeem
FNDA:16,AlephVaultSettlement._settleRedeem
DA:248,16
DA:249,16
DA:250,16
DA:251,16
BRDA:251,8,0,1
DA:252,1
DA:254,15
DA:255,15
DA:256,15
BRDA:256,9,0,2
DA:257,2
DA:259,13
DA:260,13
DA:261,12
BRDA:261,10,0,12
DA:262,12
DA:273,11
DA:281,11
DA:285,11
DA:286,11
DA:287,36
DA:290,11
DA:291,11
BRDA:291,11,0,1
DA:292,1
DA:294,10
DA:295,10
DA:296,10
DA:307,36
FN:307,AlephVaultSettlement._settleRedeemForBatch
FNDA:36,AlephVaultSettlement._settleRedeemForBatch
DA:313,36
DA:314,36
DA:315,36
BRDA:315,12,0,25
DA:316,25
DA:319,11
DA:320,15
DA:325,15
DA:328,15
DA:329,15
DA:330,15
DA:333,15
DA:336,11
DA:338,11
DA:346,2
FN:346,AlephVaultSettlement._forceRedeem
FNDA:2,AlephVaultSettlement._forceRedeem
DA:347,2
DA:348,2
DA:349,2
DA:350,2
DA:351,2
DA:352,2
DA:353,2
DA:354,2
DA:356,2
DA:357,7
DA:358,5
DA:360,5
BRDA:360,13,0,5
DA:361,5
DA:362,5
DA:363,5
DA:364,5
DA:365,5
DA:368,5
BRDA:368,14,0,5
DA:369,5
DA:370,5
DA:374,2
DA:375,2
DA:376,2
DA:378,2
DA:379,2
DA:380,2
DA:381,2
DA:382,2
DA:383,2
BRDA:383,15,0,1
DA:384,1
DA:386,1
DA:400,2782
FN:400,AlephVaultSettlement._handleSeriesAccounting
FNDA:2782,AlephVaultSettlement._handleSeriesAccounting
DA:407,2782
BRDA:407,16,0,2770
DA:408,2770
DA:413,2770
BRDA:413,17,1,1305
DA:414,2770
DA:415,2770
DA:416,1465
BRDA:416,17,0,1465
DA:419,1465
DA:420,1305
BRDA:420,18,0,64
DA:423,64
DA:434,2786
FN:434,AlephVaultSettlement._validateNewTotalAssets
FNDA:2786,AlephVaultSettlement._validateNewTotalAssets
DA:439,2786
BRDA:439,19,0,2
DA:440,2
DA:451,2782
FN:451,AlephVaultSettlement._accumulateFees
FNDA:2782,AlephVaultSettlement._accumulateFees
DA:458,2782
DA:459,2782
BRDA:459,20,0,2782
DA:460,2782
DA:461,4502
DA:465,4502
DA:466,4502
DA:475,2782
DA:489,4502
FN:489,AlephVaultSettlement._accumulateFeeShares
FNDA:4502,AlephVaultSettlement._accumulateFeeShares
DA:497,4502
BRDA:497,21,0,1098
DA:498,1098
DA:500,3404
DA:507,3404
BRDA:507,22,0,-
DA:508,0
DA:510,3404
DA:519,3
FN:519,AlephVaultSettlement._queueSyncExpirationBatches
FNDA:3,AlephVaultSettlement._queueSyncExpirationBatches
DA:521,3
DA:526,3
DA:533,3
FN:533,AlephVaultSettlement._setSyncExpirationBatches
FNDA:3,AlephVaultSettlement._setSyncExpirationBatches
DA:535,3
DA:536,3
DA:537,3
DA:538,3
FNF:17
FNH:17
LF:174
LH:173
BRF:24
BRH:23
end_of_record
TN:
SF:src/modules/FeeManager.sol
DA:65,230
FN:65,FeeManager.constructor
FNDA:230,FeeManager.constructor
DA:66,230
BRDA:66,0,0,2
DA:67,2
DA:69,228
DA:70,228
DA:77,7
FN:77,FeeManager.getManagementFeeShares
FNDA:7,FeeManager.getManagementFeeShares
DA:83,7
DA:84,7
DA:88,10
FN:88,FeeManager.getPerformanceFeeShares
FNDA:10,FeeManager.getPerformanceFeeShares
DA:94,10
DA:97,10
DA:104,4
FN:104,FeeManager.queueManagementFee
FNDA:4,FeeManager.queueManagementFee
DA:105,4
DA:109,8
FN:109,FeeManager.queuePerformanceFee
FNDA:8,FeeManager.queuePerformanceFee
DA:110,8
DA:114,3
FN:114,FeeManager.setManagementFee
FNDA:3,FeeManager.setManagementFee
DA:115,3
DA:119,5
FN:119,FeeManager.setPerformanceFee
FNDA:5,FeeManager.setPerformanceFee
DA:120,5
DA:127,3407
FN:127,FeeManager.accumulateFees
FNDA:3407,FeeManager.accumulateFees
DA:135,3407
DA:147,3
FN:147,FeeManager.collectFees
FNDA:3,FeeManager.collectFees
DA:152,3
DA:164,4
FN:164,FeeManager._queueManagementFee
FNDA:4,FeeManager._queueManagementFee
DA:165,4
BRDA:165,1,0,1
DA:166,1
DA:168,3
DA:173,3
DA:181,8
FN:181,FeeManager._queuePerformanceFee
FNDA:8,FeeManager._queuePerformanceFee
DA:182,8
BRDA:182,2,0,1
DA:183,1
DA:185,7
DA:186,7
BRDA:186,3,0,2
DA:187,2
DA:189,5
DA:194,5
DA:202,3
FN:202,FeeManager._setManagementFee
FNDA:3,FeeManager._setManagementFee
DA:203,3
DA:204,1
DA:205,1
DA:213,5
FN:213,FeeManager._setPerformanceFee
FNDA:5,FeeManager._setPerformanceFee
DA:214,5
DA:215,3
DA:216,3
DA:230,3407
FN:230,FeeManager._accumulateFees
FNDA:3407,FeeManager._accumulateFees
DA:239,3407
DA:240,3407
DA:242,3407
DA:246,3407
DA:252,3407
DA:259,3407
DA:265,3407
DA:266,3407
DA:268,3407
DA:271,3407
BRDA:271,4,0,829
DA:273,829
DA:277,829
DA:278,829
DA:279,829
DA:281,3407
DA:282,3407
DA:285,3407
DA:295,3414
FN:295,FeeManager._calculateManagementFeeAmount
FNDA:3414,FeeManager._calculateManagementFeeAmount
DA:302,3414
DA:303,3414
DA:304,3414
DA:316,3417
FN:316,FeeManager._calculatePerformanceFeeAmount
FNDA:3417,FeeManager._calculatePerformanceFeeAmount
DA:323,3417
DA:325,3417
BRDA:325,5,0,835
DA:328,835
DA:329,835
DA:330,835
DA:331,835
DA:339,3
FN:339,FeeManager._collectFees
FNDA:3,FeeManager._collectFees
DA:343,3
DA:344,3
DA:345,3
DA:346,3
DA:347,3
DA:348,3
DA:349,3
DA:350,3
DA:351,3
DA:352,3
DA:353,3
DA:354,3
DA:355,3
DA:356,3
DA:359,3
DA:360,3
DA:361,3
DA:362,3
DA:363,3
DA:364,3
BRDA:364,6,0,3
DA:365,3
DA:369,3
DA:370,3
DA:371,3
BRDA:371,7,0,1
DA:372,1
DA:374,2
DA:375,2
FNF:17
FNH:17
LF:101
LH:101
BRF:8
BRH:8
end_of_record
TN:
SF:src/modules/MigrationManager.sol
DA:45,2
FN:45,MigrationManager.migrateOperationsMultisig
FNDA:2,MigrationManager.migrateOperationsMultisig
DA:46,2
BRDA:46,0,0,1
DA:47,1
DA:49,1
DA:50,1
DA:51,1
DA:52,1
DA:53,1
DA:54,1
DA:55,1
DA:56,1
DA:57,1
DA:58,1
DA:59,1
DA:60,1
DA:61,1
DA:62,1
DA:66,2
FN:66,MigrationManager.migrateOracle
FNDA:2,MigrationManager.migrateOracle
DA:67,2
BRDA:67,1,0,1
DA:68,1
DA:70,1
DA:71,1
DA:72,1
DA:73,1
DA:74,1
DA:78,2
FN:78,MigrationManager.migrateGuardian
FNDA:2,MigrationManager.migrateGuardian
DA:79,2
BRDA:79,2,0,1
DA:80,1
DA:82,1
DA:83,1
DA:84,1
DA:85,1
DA:86,1
DA:87,1
DA:88,1
DA:89,1
DA:90,1
DA:91,1
DA:92,1
DA:93,1
DA:94,1
DA:95,1
DA:96,1
DA:97,1
DA:101,2
FN:101,MigrationManager.migrateAuthSigner
FNDA:2,MigrationManager.migrateAuthSigner
DA:102,2
BRDA:102,3,0,1
DA:103,1
DA:105,1
DA:106,1
DA:107,1
DA:111,2
FN:111,MigrationManager.migrateModules
FNDA:2,MigrationManager.migrateModules
DA:112,2
BRDA:112,4,0,1
DA:113,1
DA:115,1
DA:116,1
FNF:5
FNH:5
LF:55
LH:55
BRF:5
BRH:5
end_of_record
TN:
SF:test/exposes/ExposedVault.sol
DA:19,3
FN:19,ExposedVault.accumulateFees
FNDA:3,ExposedVault.accumulateFees
DA:20,3
DA:23,9
FN:23,ExposedVault.depositSettleId
FNDA:9,ExposedVault.depositSettleId
DA:24,9
DA:27,4
FN:27,ExposedVault.redeemSettleId
FNDA:4,ExposedVault.redeemSettleId
DA:28,4
DA:31,4
FN:31,ExposedVault.lastFeePaidId
FNDA:4,ExposedVault.lastFeePaidId
DA:32,4
DA:35,889
FN:35,ExposedVault.shareSeriesId
FNDA:889,ExposedVault.shareSeriesId
DA:36,889
DA:39,8
FN:39,ExposedVault.timelocks
FNDA:8,ExposedVault.timelocks
DA:40,8
DA:43,889
FN:43,ExposedVault.lastConsolidatedSeriesId
FNDA:889,ExposedVault.lastConsolidatedSeriesId
DA:44,889
DA:47,0
FN:47,ExposedVault.setCurrentDepositBatchId
FNDA:0,ExposedVault.setCurrentDepositBatchId
DA:48,0
DA:51,3
FN:51,ExposedVault.setLastFeePaidId
FNDA:3,ExposedVault.setLastFeePaidId
DA:52,3
DA:55,1
FN:55,ExposedVault.setLastConsolidatedSeriesId
FNDA:1,ExposedVault.setLastConsolidatedSeriesId
DA:56,1
DA:57,1
DA:58,1
DA:61,17
FN:61,ExposedVault.setBatchDeposit
FNDA:17,ExposedVault.setBatchDeposit
DA:62,17
DA:63,17
DA:64,17
DA:65,17
DA:66,17
DA:69,11
FN:69,ExposedVault.setBatchRedeem
FNDA:11,ExposedVault.setBatchRedeem
DA:70,11
DA:71,11
DA:72,11
DA:75,9
FN:75,ExposedVault.setMinDepositAmount
FNDA:9,ExposedVault.setMinDepositAmount
DA:76,9
DA:79,39
FN:79,ExposedVault.setMinUserBalance
FNDA:39,ExposedVault.setMinUserBalance
DA:80,39
DA:83,11
FN:83,ExposedVault.setMaxDepositCap
FNDA:11,ExposedVault.setMaxDepositCap
DA:84,11
DA:87,42
FN:87,ExposedVault.setNoticePeriod
FNDA:42,ExposedVault.setNoticePeriod
DA:88,42
DA:91,4
FN:91,ExposedVault.setLockInPeriod
FNDA:4,ExposedVault.setLockInPeriod
DA:92,4
DA:95,3
FN:95,ExposedVault.setUserLockInPeriod
FNDA:3,ExposedVault.setUserLockInPeriod
DA:96,3
DA:97,3
DA:98,3
DA:101,3
FN:101,ExposedVault.setMinRedeemAmount
FNDA:3,ExposedVault.setMinRedeemAmount
DA:102,3
DA:105,2
FN:105,ExposedVault.setRedeemableAmount
FNDA:2,ExposedVault.setRedeemableAmount
DA:106,2
DA:107,2
DA:108,2
DA:111,3
FN:111,ExposedVault.setTotalAmountToDeposit
FNDA:3,ExposedVault.setTotalAmountToDeposit
DA:112,3
DA:115,4
FN:115,ExposedVault.setTotalAmountToWithdraw
FNDA:4,ExposedVault.setTotalAmountToWithdraw
DA:116,4
DA:119,545
FN:119,ExposedVault.setTotalAssets
FNDA:545,ExposedVault.setTotalAssets
DA:120,545
DA:123,542
FN:123,ExposedVault.setTotalShares
FNDA:542,ExposedVault.setTotalShares
DA:124,542
DA:127,541
FN:127,ExposedVault.setSharesOf
FNDA:541,ExposedVault.setSharesOf
DA:128,541
DA:131,6
FN:131,ExposedVault.setHighWaterMark
FNDA:6,ExposedVault.setHighWaterMark
DA:132,6
DA:135,6
FN:135,ExposedVault.setManagementFee
FNDA:6,ExposedVault.setManagementFee
DA:136,6
DA:139,7
FN:139,ExposedVault.setPerformanceFee
FNDA:7,ExposedVault.setPerformanceFee
DA:140,7
DA:143,4
FN:143,ExposedVault.createNewSeries
FNDA:4,ExposedVault.createNewSeries
DA:144,4
DA:145,4
DA:148,12
FN:148,ExposedVault.getManagementFeeShares
FNDA:12,ExposedVault.getManagementFeeShares
DA:149,12
BRDA:149,0,0,5
DA:150,7
DA:151,7
DA:155,10
FN:155,ExposedVault.getPerformanceFeeShares
FNDA:10,ExposedVault.getPerformanceFeeShares
DA:156,10
DA:157,10
DA:158,10
BRDA:158,1,0,-
DA:159,10
DA:163,14
FN:163,ExposedVault.managementFeeRecipient
FNDA:14,ExposedVault.managementFeeRecipient
DA:164,14
DA:167,13
FN:167,ExposedVault.performanceFeeRecipient
FNDA:13,ExposedVault.performanceFeeRecipient
DA:168,13
DA:171,24
FN:171,ExposedVault._getTimelock
FNDA:24,ExposedVault._getTimelock
DA:172,24
DA:173,24
DA:176,3
FN:176,ExposedVault.minDepositAmountTimelock
FNDA:3,ExposedVault.minDepositAmountTimelock
DA:177,3
DA:180,3
FN:180,ExposedVault.minUserBalanceTimelock
FNDA:3,ExposedVault.minUserBalanceTimelock
DA:181,3
DA:184,3
FN:184,ExposedVault.maxDepositCapTimelock
FNDA:3,ExposedVault.maxDepositCapTimelock
DA:185,3
DA:188,3
FN:188,ExposedVault.noticePeriodTimelock
FNDA:3,ExposedVault.noticePeriodTimelock
DA:189,3
DA:192,3
FN:192,ExposedVault.lockInPeriodTimelock
FNDA:3,ExposedVault.lockInPeriodTimelock
DA:193,3
DA:196,3
FN:196,ExposedVault.minRedeemAmountTimelock
FNDA:3,ExposedVault.minRedeemAmountTimelock
DA:197,3
DA:200,3
FN:200,ExposedVault.managementFeeTimelock
FNDA:3,ExposedVault.managementFeeTimelock
DA:201,3
DA:204,3
FN:204,ExposedVault.performanceFeeTimelock
FNDA:3,ExposedVault.performanceFeeTimelock
DA:205,3
DA:208,0
FN:208,ExposedVault.accountantTimelock
FNDA:0,ExposedVault.accountantTimelock
DA:209,0
FNF:43
FNH:41
LF:105
LH:101
BRF:2
BRH:1
end_of_record
TN:
SF:test/exposes/TestToken.sol
DA:27,91550
FN:27,TestToken.mint
FNDA:91550,TestToken.mint
DA:28,91550
DA:31,0
FN:31,TestToken.burn
FNDA:0,TestToken.burn
DA:32,0
FNF:2
FNH:1
LF:4
LH:2
BRF:0
BRH:0
end_of_record
TN:
SF:test/utils/BaseTest.t.sol
DA:124,254
FN:124,BaseTest.setUp
FNDA:254,BaseTest.setUp
DA:125,254
DA:126,254
DA:128,254
DA:130,254
DA:144,254
DA:180,254
DA:185,0
FN:185,BaseTest._setUpAccountant
FNDA:0,BaseTest._setUpAccountant
DA:186,12
DA:187,12
DA:188,12
DA:189,12
DA:190,12
DA:191,12
DA:192,12
DA:195,0
FN:195,BaseTest._setAccountantCut
FNDA:0,BaseTest._setAccountantCut
DA:196,6
DA:197,6
DA:198,6
DA:199,6
DA:200,6
DA:201,6
DA:202,6
DA:205,0
FN:205,BaseTest._setUpNewAlephVault
FNDA:0,BaseTest._setUpNewAlephVault
DA:210,228
DA:211,228
DA:212,228
DA:213,228
DA:214,228
DA:215,228
DA:216,228
DA:217,228
DA:218,228
DA:219,228
DA:220,228
DA:223,228
DA:259,228
DA:262,228
DA:263,228
DA:264,228
DA:265,228
DA:266,228
DA:267,228
DA:268,228
DA:269,228
DA:272,228
DA:275,228
DA:278,228
DA:281,0
FN:281,BaseTest._unpauseVaultFlows
FNDA:0,BaseTest._unpauseVaultFlows
DA:282,168
DA:283,168
DA:284,168
DA:285,168
DA:286,168
DA:287,168
DA:290,0
FN:290,BaseTest._setAuthSignatures
FNDA:0,BaseTest._setAuthSignatures
DA:291,85
DA:292,85
DA:295,91555
FN:295,BaseTest._getDepositAuthSignature
FNDA:91555,BaseTest._getDepositAuthSignature
DA:300,91555
DA:301,91555
DA:302,91555
DA:303,91555
DA:304,91555
DA:307,2788
FN:307,BaseTest._getSettlementAuthSignature
FNDA:2788,BaseTest._getSettlementAuthSignature
DA:312,2788
DA:315,2788
DA:316,2788
DA:317,2788
DA:318,2788
DA:321,8
FN:321,BaseTest._getSettleDepositExpectations
FNDA:8,BaseTest._getSettleDepositExpectations
DA:328,8
DA:329,8
DA:330,8
DA:331,8
DA:332,8
DA:333,8
DA:334,8
DA:335,2
BRDA:335,0,0,2
BRDA:335,0,1,6
DA:336,2
DA:337,2
DA:339,6
DA:340,6
DA:341,6
DA:342,6
DA:344,8
DA:354,0
FN:354,BaseTest._getSettleRedeemExpectations
FNDA:0,BaseTest._getSettleRedeemExpectations
DA:360,0
DA:361,0
DA:362,0
DA:363,0
DA:364,0
DA:365,0
DA:366,0
DA:367,0
DA:368,0
FNF:10
FNH:4
LF:96
LH:81
BRF:2
BRH:2
end_of_record
TN:
SF:test/utils/Mocks.t.sol
DA:32,15
FN:32,Mocks.mockIsValidVault
FNDA:15,Mocks.mockIsValidVault
DA:33,15
DA:39,2
FN:39,Mocks.mockCollectFees
FNDA:2,Mocks.mockCollectFees
DA:45,1
BRDA:45,0,0,1
BRDA:45,0,1,1
DA:46,1
DA:48,1
DA:59,230
FN:59,Mocks.mockSetVaultTreasury
FNDA:230,Mocks.mockSetVaultTreasury
DA:60,230
FNF:3
FNH:3
LF:8
LH:8
BRF:2
BRH:2
end_of_record
